[0m22:54:01.983875 [debug] [MainThread]: Sending event: {'category': 'dbt', 'action': 'invocation', 'label': 'start', 'context': [<snowplow_tracker.self_describing_json.SelfDescribingJson object at 0x000002797AD1B0E0>, <snowplow_tracker.self_describing_json.SelfDescribingJson object at 0x0000027978D21D10>, <snowplow_tracker.self_describing_json.SelfDescribingJson object at 0x000002797C0B3C50>]}


============================== 22:54:01.988971 | d8ddb41b-b121-4198-a185-a51ee40e54c5 ==============================
[0m22:54:01.988971 [info ] [MainThread]: Running with dbt=1.10.2
[0m22:54:01.989916 [debug] [MainThread]: running dbt with arguments {'printer_width': '80', 'indirect_selection': 'eager', 'log_cache_events': 'False', 'write_json': 'True', 'partial_parse': 'True', 'cache_selected_only': 'False', 'profiles_dir': 'C:\\Users\\JintaoJiang\\.dbt', 'debug': 'False', 'fail_fast': 'False', 'log_path': 'C:\\dbt_practice\\dbt_dw\\logs', 'warn_error': 'None', 'version_check': 'True', 'use_colors': 'True', 'use_experimental_parser': 'False', 'empty': 'None', 'quiet': 'False', 'no_print': 'None', 'log_format': 'default', 'invocation_command': 'dbt debug', 'introspect': 'True', 'warn_error_options': 'WarnErrorOptionsV2(error=[], warn=[], silence=[])', 'target_path': 'None', 'static_parser': 'True', 'send_anonymous_usage_stats': 'True'}
[0m22:54:02.044511 [info ] [MainThread]: dbt version: 1.10.2
[0m22:54:02.045212 [info ] [MainThread]: python version: 3.13.5
[0m22:54:02.045773 [info ] [MainThread]: python path: C:\dbt_practice\dbt_learning\Scripts\python.exe
[0m22:54:02.046257 [info ] [MainThread]: os info: Windows-10-10.0.14393-SP0
[0m22:54:02.055048 [info ] [MainThread]: Using profiles dir at C:\Users\JintaoJiang\.dbt
[0m22:54:02.055626 [info ] [MainThread]: Using profiles.yml file at C:\Users\JintaoJiang\.dbt\profiles.yml
[0m22:54:02.056115 [info ] [MainThread]: Using dbt_project.yml file at C:\dbt_practice\dbt_dw\dbt_project.yml
[0m22:54:02.183065 [info ] [MainThread]: Configuration:
[0m22:54:02.183756 [info ] [MainThread]:   profiles.yml file [[31mERROR invalid[0m]
[0m22:54:02.184303 [info ] [MainThread]:   dbt_project.yml file [[32mOK found and valid[0m]
[0m22:54:02.184821 [info ] [MainThread]: Required dependencies:
[0m22:54:02.185336 [debug] [MainThread]: Executing "git --help"
[0m22:54:02.242645 [debug] [MainThread]: STDOUT: "b"usage: git [-v | --version] [-h | --help] [-C <path>] [-c <name>=<value>]\n           [--exec-path[=<path>]] [--html-path] [--man-path] [--info-path]\n           [-p | --paginate | -P | --no-pager] [--no-replace-objects] [--no-lazy-fetch]\n           [--no-optional-locks] [--no-advice] [--bare] [--git-dir=<path>]\n           [--work-tree=<path>] [--namespace=<name>] [--config-env=<name>=<envvar>]\n           <command> [<args>]\n\nThese are common Git commands used in various situations:\n\nstart a working area (see also: git help tutorial)\n   clone      Clone a repository into a new directory\n   init       Create an empty Git repository or reinitialize an existing one\n\nwork on the current change (see also: git help everyday)\n   add        Add file contents to the index\n   mv         Move or rename a file, a directory, or a symlink\n   restore    Restore working tree files\n   rm         Remove files from the working tree and from the index\n\nexamine the history and state (see also: git help revisions)\n   bisect     Use binary search to find the commit that introduced a bug\n   diff       Show changes between commits, commit and working tree, etc\n   grep       Print lines matching a pattern\n   log        Show commit logs\n   show       Show various types of objects\n   status     Show the working tree status\n\ngrow, mark and tweak your common history\n   backfill   Download missing objects in a partial clone\n   branch     List, create, or delete branches\n   commit     Record changes to the repository\n   merge      Join two or more development histories together\n   rebase     Reapply commits on top of another base tip\n   reset      Reset current HEAD to the specified state\n   switch     Switch branches\n   tag        Create, list, delete or verify a tag object signed with GPG\n\ncollaborate (see also: git help workflows)\n   fetch      Download objects and refs from another repository\n   pull       Fetch from and integrate with another repository or a local branch\n   push       Update remote refs along with associated objects\n\n'git help -a' and 'git help -g' list available subcommands and some\nconcept guides. See 'git help <command>' or 'git help <concept>'\nto read about a specific subcommand or concept.\nSee 'git help git' for an overview of the system.\n""
[0m22:54:02.243693 [debug] [MainThread]: STDERR: "b''"
[0m22:54:02.244746 [info ] [MainThread]:  - git [[32mOK found[0m]

[0m22:54:02.245956 [info ] [MainThread]: Connection test skipped since no profile was found
[0m22:54:02.246612 [info ] [MainThread]: [31m1 check failed:[0m
[0m22:54:02.247132 [info ] [MainThread]: Profile loading failed for the following reason:
Runtime Error
  Could not find profile named 'dbt_dw'


[0m22:54:02.248168 [debug] [MainThread]: Command `dbt debug` failed at 22:54:02.248034 after 0.37 seconds
[0m22:54:02.248548 [debug] [MainThread]: Sending event: {'category': 'dbt', 'action': 'invocation', 'label': 'end', 'context': [<snowplow_tracker.self_describing_json.SelfDescribingJson object at 0x000002797B3E08A0>, <snowplow_tracker.self_describing_json.SelfDescribingJson object at 0x000002797D2583B0>, <snowplow_tracker.self_describing_json.SelfDescribingJson object at 0x000002797D0F7AC0>]}
[0m22:54:02.248945 [debug] [MainThread]: Flushing usage events
[0m22:54:02.375816 [debug] [MainThread]: An error was encountered while trying to flush usage events
[0m22:57:24.116719 [debug] [MainThread]: Sending event: {'category': 'dbt', 'action': 'invocation', 'label': 'start', 'context': [<snowplow_tracker.self_describing_json.SelfDescribingJson object at 0x000001893D9FB0E0>, <snowplow_tracker.self_describing_json.SelfDescribingJson object at 0x000001893BA15D10>, <snowplow_tracker.self_describing_json.SelfDescribingJson object at 0x000001893ED93C50>]}


============================== 22:57:24.121464 | 312cd24d-54ac-4e44-a95f-f7873b2a5412 ==============================
[0m22:57:24.121464 [info ] [MainThread]: Running with dbt=1.10.2
[0m22:57:24.122282 [debug] [MainThread]: running dbt with arguments {'printer_width': '80', 'indirect_selection': 'eager', 'write_json': 'True', 'log_cache_events': 'False', 'partial_parse': 'True', 'cache_selected_only': 'False', 'warn_error': 'None', 'debug': 'False', 'version_check': 'True', 'log_path': 'C:\\dbt_practice\\dbt_dw\\logs', 'fail_fast': 'False', 'profiles_dir': 'C:\\Users\\JintaoJiang\\.dbt', 'use_colors': 'True', 'use_experimental_parser': 'False', 'no_print': 'None', 'quiet': 'False', 'empty': 'None', 'warn_error_options': 'WarnErrorOptionsV2(error=[], warn=[], silence=[])', 'invocation_command': 'dbt debug', 'log_format': 'default', 'introspect': 'True', 'target_path': 'None', 'static_parser': 'True', 'send_anonymous_usage_stats': 'True'}
[0m22:57:24.144409 [info ] [MainThread]: dbt version: 1.10.2
[0m22:57:24.145027 [info ] [MainThread]: python version: 3.13.5
[0m22:57:24.145617 [info ] [MainThread]: python path: C:\dbt_practice\dbt_learning\Scripts\python.exe
[0m22:57:24.146187 [info ] [MainThread]: os info: Windows-10-10.0.14393-SP0
[0m22:57:24.690973 [info ] [MainThread]: Using profiles dir at C:\Users\JintaoJiang\.dbt
[0m22:57:24.691658 [info ] [MainThread]: Using profiles.yml file at C:\Users\JintaoJiang\.dbt\profiles.yml
[0m22:57:24.692273 [info ] [MainThread]: Using dbt_project.yml file at C:\dbt_practice\dbt_dw\dbt_project.yml
[0m22:57:24.693700 [info ] [MainThread]: adapter type: snowflake
[0m22:57:24.694320 [info ] [MainThread]: adapter version: 1.9.4
[0m22:57:24.829468 [info ] [MainThread]: Configuration:
[0m22:57:24.830136 [info ] [MainThread]:   profiles.yml file [[32mOK found and valid[0m]
[0m22:57:24.830628 [info ] [MainThread]:   dbt_project.yml file [[32mOK found and valid[0m]
[0m22:57:24.831163 [info ] [MainThread]: Required dependencies:
[0m22:57:24.831635 [debug] [MainThread]: Executing "git --help"
[0m22:57:24.864758 [debug] [MainThread]: STDOUT: "b"usage: git [-v | --version] [-h | --help] [-C <path>] [-c <name>=<value>]\n           [--exec-path[=<path>]] [--html-path] [--man-path] [--info-path]\n           [-p | --paginate | -P | --no-pager] [--no-replace-objects] [--no-lazy-fetch]\n           [--no-optional-locks] [--no-advice] [--bare] [--git-dir=<path>]\n           [--work-tree=<path>] [--namespace=<name>] [--config-env=<name>=<envvar>]\n           <command> [<args>]\n\nThese are common Git commands used in various situations:\n\nstart a working area (see also: git help tutorial)\n   clone      Clone a repository into a new directory\n   init       Create an empty Git repository or reinitialize an existing one\n\nwork on the current change (see also: git help everyday)\n   add        Add file contents to the index\n   mv         Move or rename a file, a directory, or a symlink\n   restore    Restore working tree files\n   rm         Remove files from the working tree and from the index\n\nexamine the history and state (see also: git help revisions)\n   bisect     Use binary search to find the commit that introduced a bug\n   diff       Show changes between commits, commit and working tree, etc\n   grep       Print lines matching a pattern\n   log        Show commit logs\n   show       Show various types of objects\n   status     Show the working tree status\n\ngrow, mark and tweak your common history\n   backfill   Download missing objects in a partial clone\n   branch     List, create, or delete branches\n   commit     Record changes to the repository\n   merge      Join two or more development histories together\n   rebase     Reapply commits on top of another base tip\n   reset      Reset current HEAD to the specified state\n   switch     Switch branches\n   tag        Create, list, delete or verify a tag object signed with GPG\n\ncollaborate (see also: git help workflows)\n   fetch      Download objects and refs from another repository\n   pull       Fetch from and integrate with another repository or a local branch\n   push       Update remote refs along with associated objects\n\n'git help -a' and 'git help -g' list available subcommands and some\nconcept guides. See 'git help <command>' or 'git help <concept>'\nto read about a specific subcommand or concept.\nSee 'git help git' for an overview of the system.\n""
[0m22:57:24.865530 [debug] [MainThread]: STDERR: "b''"
[0m22:57:24.866097 [info ] [MainThread]:  - git [[32mOK found[0m]

[0m22:57:24.866833 [info ] [MainThread]: Connection:
[0m22:57:24.867410 [info ] [MainThread]:   account: jqa87747.east-us-2.azure
[0m22:57:24.867895 [info ] [MainThread]:   user: rickjiang
[0m22:57:24.868366 [info ] [MainThread]:   database: DBT_PRACTICE
[0m22:57:24.868834 [info ] [MainThread]:   warehouse: COMPUTE_WH
[0m22:57:24.869327 [info ] [MainThread]:   role: ACCOUNTADMIN
[0m22:57:24.869886 [info ] [MainThread]:   schema: DBT_L2_STG
[0m22:57:24.870439 [info ] [MainThread]:   authenticator: None
[0m22:57:24.870998 [info ] [MainThread]:   oauth_client_id: None
[0m22:57:24.871545 [info ] [MainThread]:   query_tag: None
[0m22:57:24.872101 [info ] [MainThread]:   client_session_keep_alive: False
[0m22:57:24.872671 [info ] [MainThread]:   host: None
[0m22:57:24.873241 [info ] [MainThread]:   port: None
[0m22:57:24.873802 [info ] [MainThread]:   proxy_host: None
[0m22:57:24.874374 [info ] [MainThread]:   proxy_port: None
[0m22:57:24.874942 [info ] [MainThread]:   protocol: None
[0m22:57:24.875495 [info ] [MainThread]:   connect_retries: 1
[0m22:57:24.876048 [info ] [MainThread]:   connect_timeout: None
[0m22:57:24.876626 [info ] [MainThread]:   retry_on_database_errors: False
[0m22:57:24.877427 [info ] [MainThread]:   retry_all: False
[0m22:57:24.878518 [info ] [MainThread]:   insecure_mode: False
[0m22:57:24.879195 [info ] [MainThread]:   reuse_connections: True
[0m22:57:24.880055 [info ] [MainThread]: Registered adapter: snowflake=1.9.4
[0m22:57:25.149649 [debug] [MainThread]: Acquiring new snowflake connection 'debug'
[0m22:57:25.215751 [debug] [MainThread]: Using snowflake connection "debug"
[0m22:57:25.216192 [debug] [MainThread]: On debug: select 1 as id
[0m22:57:25.216526 [debug] [MainThread]: Opening a new connection, currently in state init
[0m22:57:26.235967 [debug] [MainThread]: SQL status: SUCCESS 1 in 1.019 seconds
[0m22:57:26.237112 [info ] [MainThread]:   Connection test: [[32mOK connection ok[0m]

[0m22:57:26.237705 [info ] [MainThread]: [32mAll checks passed![0m
[0m22:57:26.238773 [debug] [MainThread]: Command `dbt debug` succeeded at 22:57:26.238625 after 2.24 seconds
[0m22:57:26.239190 [debug] [MainThread]: Connection 'debug' was left open.
[0m22:57:26.239535 [debug] [MainThread]: On debug: Close
[0m22:57:26.372045 [debug] [MainThread]: Sending event: {'category': 'dbt', 'action': 'invocation', 'label': 'end', 'context': [<snowplow_tracker.self_describing_json.SelfDescribingJson object at 0x000001894123C2B0>, <snowplow_tracker.self_describing_json.SelfDescribingJson object at 0x0000018940D66210>, <snowplow_tracker.self_describing_json.SelfDescribingJson object at 0x0000018940C279B0>]}
[0m22:57:26.373217 [debug] [MainThread]: Flushing usage events
[0m22:57:26.506257 [debug] [MainThread]: An error was encountered while trying to flush usage events
[0m21:21:08.666139 [debug] [MainThread]: Sending event: {'category': 'dbt', 'action': 'invocation', 'label': 'start', 'context': [<snowplow_tracker.self_describing_json.SelfDescribingJson object at 0x00000265C45270E0>, <snowplow_tracker.self_describing_json.SelfDescribingJson object at 0x00000265C2545D10>, <snowplow_tracker.self_describing_json.SelfDescribingJson object at 0x00000265C58C3C50>]}


============================== 21:21:08.672803 | 84c92235-ce18-4d15-be1a-e9238e51e908 ==============================
[0m21:21:08.672803 [info ] [MainThread]: Running with dbt=1.10.2
[0m21:21:08.673674 [debug] [MainThread]: running dbt with arguments {'printer_width': '80', 'indirect_selection': 'eager', 'log_cache_events': 'False', 'write_json': 'True', 'partial_parse': 'True', 'cache_selected_only': 'False', 'warn_error': 'None', 'fail_fast': 'False', 'version_check': 'True', 'log_path': 'C:\\dbt_practice\\dbt_dw\\logs', 'profiles_dir': 'C:\\Users\\JintaoJiang\\.dbt', 'debug': 'False', 'use_colors': 'True', 'use_experimental_parser': 'False', 'empty': 'None', 'quiet': 'False', 'no_print': 'None', 'log_format': 'default', 'static_parser': 'True', 'invocation_command': 'dbt debug', 'introspect': 'True', 'target_path': 'None', 'warn_error_options': 'WarnErrorOptionsV2(error=[], warn=[], silence=[])', 'send_anonymous_usage_stats': 'True'}
[0m21:21:08.708782 [info ] [MainThread]: dbt version: 1.10.2
[0m21:21:08.709362 [info ] [MainThread]: python version: 3.13.5
[0m21:21:08.709893 [info ] [MainThread]: python path: C:\dbt_practice\dbt_learning\Scripts\python.exe
[0m21:21:08.710394 [info ] [MainThread]: os info: Windows-10-10.0.14393-SP0
[0m21:21:09.610253 [info ] [MainThread]: Using profiles dir at C:\Users\JintaoJiang\.dbt
[0m21:21:09.610903 [info ] [MainThread]: Using profiles.yml file at C:\Users\JintaoJiang\.dbt\profiles.yml
[0m21:21:09.611435 [info ] [MainThread]: Using dbt_project.yml file at C:\dbt_practice\dbt_dw\dbt_project.yml
[0m21:21:09.621045 [info ] [MainThread]: adapter type: snowflake
[0m21:21:09.621562 [info ] [MainThread]: adapter version: 1.9.4
[0m21:21:09.759431 [info ] [MainThread]: Configuration:
[0m21:21:09.760124 [info ] [MainThread]:   profiles.yml file [[32mOK found and valid[0m]
[0m21:21:09.760760 [info ] [MainThread]:   dbt_project.yml file [[32mOK found and valid[0m]
[0m21:21:09.761304 [info ] [MainThread]: Required dependencies:
[0m21:21:09.761865 [debug] [MainThread]: Executing "git --help"
[0m21:21:09.794889 [debug] [MainThread]: STDOUT: "b"usage: git [-v | --version] [-h | --help] [-C <path>] [-c <name>=<value>]\n           [--exec-path[=<path>]] [--html-path] [--man-path] [--info-path]\n           [-p | --paginate | -P | --no-pager] [--no-replace-objects] [--no-lazy-fetch]\n           [--no-optional-locks] [--no-advice] [--bare] [--git-dir=<path>]\n           [--work-tree=<path>] [--namespace=<name>] [--config-env=<name>=<envvar>]\n           <command> [<args>]\n\nThese are common Git commands used in various situations:\n\nstart a working area (see also: git help tutorial)\n   clone      Clone a repository into a new directory\n   init       Create an empty Git repository or reinitialize an existing one\n\nwork on the current change (see also: git help everyday)\n   add        Add file contents to the index\n   mv         Move or rename a file, a directory, or a symlink\n   restore    Restore working tree files\n   rm         Remove files from the working tree and from the index\n\nexamine the history and state (see also: git help revisions)\n   bisect     Use binary search to find the commit that introduced a bug\n   diff       Show changes between commits, commit and working tree, etc\n   grep       Print lines matching a pattern\n   log        Show commit logs\n   show       Show various types of objects\n   status     Show the working tree status\n\ngrow, mark and tweak your common history\n   backfill   Download missing objects in a partial clone\n   branch     List, create, or delete branches\n   commit     Record changes to the repository\n   merge      Join two or more development histories together\n   rebase     Reapply commits on top of another base tip\n   reset      Reset current HEAD to the specified state\n   switch     Switch branches\n   tag        Create, list, delete or verify a tag object signed with GPG\n\ncollaborate (see also: git help workflows)\n   fetch      Download objects and refs from another repository\n   pull       Fetch from and integrate with another repository or a local branch\n   push       Update remote refs along with associated objects\n\n'git help -a' and 'git help -g' list available subcommands and some\nconcept guides. See 'git help <command>' or 'git help <concept>'\nto read about a specific subcommand or concept.\nSee 'git help git' for an overview of the system.\n""
[0m21:21:09.795689 [debug] [MainThread]: STDERR: "b''"
[0m21:21:09.796206 [info ] [MainThread]:  - git [[32mOK found[0m]

[0m21:21:09.796818 [info ] [MainThread]: Connection:
[0m21:21:09.797370 [info ] [MainThread]:   account: jqa87747.east-us-2.azure
[0m21:21:09.797829 [info ] [MainThread]:   user: rickjiang
[0m21:21:09.798375 [info ] [MainThread]:   database: DBT_PRACTICE
[0m21:21:09.798918 [info ] [MainThread]:   warehouse: COMPUTE_WH
[0m21:21:09.799492 [info ] [MainThread]:   role: ACCOUNTADMIN
[0m21:21:09.800021 [info ] [MainThread]:   schema: DBT_L2_STG
[0m21:21:09.800543 [info ] [MainThread]:   authenticator: None
[0m21:21:09.801097 [info ] [MainThread]:   oauth_client_id: None
[0m21:21:09.801665 [info ] [MainThread]:   query_tag: None
[0m21:21:09.802719 [info ] [MainThread]:   client_session_keep_alive: False
[0m21:21:09.803355 [info ] [MainThread]:   host: None
[0m21:21:09.803915 [info ] [MainThread]:   port: None
[0m21:21:09.804444 [info ] [MainThread]:   proxy_host: None
[0m21:21:09.804976 [info ] [MainThread]:   proxy_port: None
[0m21:21:09.805502 [info ] [MainThread]:   protocol: None
[0m21:21:09.806023 [info ] [MainThread]:   connect_retries: 1
[0m21:21:09.806495 [info ] [MainThread]:   connect_timeout: None
[0m21:21:09.806968 [info ] [MainThread]:   retry_on_database_errors: False
[0m21:21:09.807525 [info ] [MainThread]:   retry_all: False
[0m21:21:09.808062 [info ] [MainThread]:   insecure_mode: False
[0m21:21:09.808647 [info ] [MainThread]:   reuse_connections: True
[0m21:21:09.809796 [info ] [MainThread]: Registered adapter: snowflake=1.9.4
[0m21:21:10.216951 [debug] [MainThread]: Acquiring new snowflake connection 'debug'
[0m21:21:10.300279 [debug] [MainThread]: Using snowflake connection "debug"
[0m21:21:10.300714 [debug] [MainThread]: On debug: select 1 as id
[0m21:21:10.301035 [debug] [MainThread]: Opening a new connection, currently in state init
[0m21:21:11.399729 [debug] [MainThread]: SQL status: SUCCESS 1 in 1.099 seconds
[0m21:21:11.400832 [info ] [MainThread]:   Connection test: [[32mOK connection ok[0m]

[0m21:21:11.401355 [info ] [MainThread]: [32mAll checks passed![0m
[0m21:21:11.402671 [debug] [MainThread]: Command `dbt debug` succeeded at 21:21:11.402505 after 2.89 seconds
[0m21:21:11.403129 [debug] [MainThread]: Connection 'debug' was left open.
[0m21:21:11.403571 [debug] [MainThread]: On debug: Close
[0m21:21:11.828702 [debug] [MainThread]: Sending event: {'category': 'dbt', 'action': 'invocation', 'label': 'end', 'context': [<snowplow_tracker.self_describing_json.SelfDescribingJson object at 0x00000265C7D5C2B0>, <snowplow_tracker.self_describing_json.SelfDescribingJson object at 0x00000265C7886210>, <snowplow_tracker.self_describing_json.SelfDescribingJson object at 0x00000265C77479B0>]}
[0m21:21:11.829287 [debug] [MainThread]: Flushing usage events
[0m21:21:12.447445 [debug] [MainThread]: An error was encountered while trying to flush usage events
[0m21:21:21.792288 [debug] [MainThread]: Sending event: {'category': 'dbt', 'action': 'invocation', 'label': 'start', 'context': [<snowplow_tracker.self_describing_json.SelfDescribingJson object at 0x000001CCB150B0E0>, <snowplow_tracker.self_describing_json.SelfDescribingJson object at 0x000001CCAF525D10>, <snowplow_tracker.self_describing_json.SelfDescribingJson object at 0x000001CCB28B7C50>]}


============================== 21:21:21.805522 | 64c004e2-41f0-48e8-86b2-2b71a7f48e9e ==============================
[0m21:21:21.805522 [info ] [MainThread]: Running with dbt=1.10.2
[0m21:21:21.806401 [debug] [MainThread]: running dbt with arguments {'printer_width': '80', 'indirect_selection': 'eager', 'log_cache_events': 'False', 'write_json': 'True', 'partial_parse': 'True', 'cache_selected_only': 'False', 'profiles_dir': 'C:\\Users\\JintaoJiang\\.dbt', 'version_check': 'True', 'warn_error': 'None', 'log_path': 'C:\\dbt_practice\\dbt_dw\\logs', 'debug': 'False', 'fail_fast': 'False', 'use_colors': 'True', 'use_experimental_parser': 'False', 'empty': 'False', 'quiet': 'False', 'no_print': 'None', 'log_format': 'default', 'introspect': 'True', 'static_parser': 'True', 'invocation_command': 'dbt run', 'target_path': 'None', 'warn_error_options': 'WarnErrorOptionsV2(error=[], warn=[], silence=[])', 'send_anonymous_usage_stats': 'True'}
[0m21:21:23.241439 [debug] [MainThread]: Sending event: {'category': 'dbt', 'action': 'project_id', 'label': '64c004e2-41f0-48e8-86b2-2b71a7f48e9e', 'context': [<snowplow_tracker.self_describing_json.SelfDescribingJson object at 0x000001CCB1BE3100>]}
[0m21:21:23.314756 [debug] [MainThread]: Sending event: {'category': 'dbt', 'action': 'adapter_info', 'label': '64c004e2-41f0-48e8-86b2-2b71a7f48e9e', 'context': [<snowplow_tracker.self_describing_json.SelfDescribingJson object at 0x000001CCB4835040>]}
[0m21:21:23.316256 [info ] [MainThread]: Registered adapter: snowflake=1.9.4
[0m21:21:23.741922 [debug] [MainThread]: checksum: 1adc40777973ef30f45f80b3b6d04d5013c1edd53d96363881b3b199e612468b, vars: {}, profile: , target: , version: 1.10.2
[0m21:21:23.743177 [info ] [MainThread]: Unable to do partial parsing because saved manifest not found. Starting full parse.
[0m21:21:23.743811 [debug] [MainThread]: Sending event: {'category': 'dbt', 'action': 'partial_parser', 'label': '64c004e2-41f0-48e8-86b2-2b71a7f48e9e', 'context': [<snowplow_tracker.self_describing_json.SelfDescribingJson object at 0x000001CCB47A1C50>]}
[0m21:21:27.475648 [debug] [MainThread]: Sending event: {'category': 'dbt', 'action': 'load_project', 'label': '64c004e2-41f0-48e8-86b2-2b71a7f48e9e', 'context': [<snowplow_tracker.self_describing_json.SelfDescribingJson object at 0x000001CCB4BC3020>]}
[0m21:21:27.603147 [debug] [MainThread]: Wrote artifact WritableManifest to C:\dbt_practice\dbt_dw\target\manifest.json
[0m21:21:27.644433 [debug] [MainThread]: Wrote artifact SemanticManifest to C:\dbt_practice\dbt_dw\target\semantic_manifest.json
[0m21:21:27.678779 [debug] [MainThread]: Sending event: {'category': 'dbt', 'action': 'resource_counts', 'label': '64c004e2-41f0-48e8-86b2-2b71a7f48e9e', 'context': [<snowplow_tracker.self_describing_json.SelfDescribingJson object at 0x000001CCB4D11630>]}
[0m21:21:27.679326 [info ] [MainThread]: Found 8 models, 1 analysis, 1 seed, 5 data tests, 5 sources, 480 macros
[0m21:21:27.679838 [debug] [MainThread]: Sending event: {'category': 'dbt', 'action': 'runnable_timing', 'label': '64c004e2-41f0-48e8-86b2-2b71a7f48e9e', 'context': [<snowplow_tracker.self_describing_json.SelfDescribingJson object at 0x000001CCB519A270>]}
[0m21:21:27.683298 [info ] [MainThread]: 
[0m21:21:27.683944 [info ] [MainThread]: Concurrency: 1 threads (target='dev')
[0m21:21:27.684471 [info ] [MainThread]: 
[0m21:21:27.685229 [debug] [MainThread]: Acquiring new snowflake connection 'master'
[0m21:21:27.691456 [debug] [ThreadPool]: Acquiring new snowflake connection 'list_DBT_PRACTICE'
[0m21:21:27.811108 [debug] [ThreadPool]: Using snowflake connection "list_DBT_PRACTICE"
[0m21:21:27.811534 [debug] [ThreadPool]: On list_DBT_PRACTICE: /* {"app": "dbt", "dbt_version": "1.10.2", "profile_name": "dbt_dw", "target_name": "dev", "connection_name": "list_DBT_PRACTICE"} */
show terse schemas in database DBT_PRACTICE
    limit 10000
[0m21:21:27.811864 [debug] [ThreadPool]: Opening a new connection, currently in state init
[0m21:21:29.017575 [debug] [ThreadPool]: SQL status: SUCCESS 5 in 1.206 seconds
[0m21:21:29.021323 [debug] [ThreadPool]: Using snowflake connection "list_DBT_PRACTICE"
[0m21:21:29.021934 [debug] [ThreadPool]: On list_DBT_PRACTICE: /* {"app": "dbt", "dbt_version": "1.10.2", "profile_name": "dbt_dw", "target_name": "dev", "connection_name": "list_DBT_PRACTICE"} */
show terse schemas in database DBT_PRACTICE
    limit 10000
[0m21:21:29.509956 [debug] [ThreadPool]: SQL status: SUCCESS 5 in 0.487 seconds
[0m21:21:29.513033 [debug] [ThreadPool]: Acquiring new snowflake connection 'list_DBT_PRACTICE_DBT_L3_INT'
[0m21:21:29.527352 [debug] [ThreadPool]: Using snowflake connection "list_DBT_PRACTICE_DBT_L3_INT"
[0m21:21:29.527961 [debug] [ThreadPool]: On list_DBT_PRACTICE_DBT_L3_INT: /* {"app": "dbt", "dbt_version": "1.10.2", "profile_name": "dbt_dw", "target_name": "dev", "connection_name": "list_DBT_PRACTICE_DBT_L3_INT"} */
alter session set quoted_identifiers_ignore_case = false;
[0m21:21:29.528454 [debug] [ThreadPool]: Opening a new connection, currently in state init
[0m21:21:30.504620 [debug] [ThreadPool]: SQL status: SUCCESS 1 in 0.976 seconds
[0m21:21:30.510557 [debug] [ThreadPool]: Using snowflake connection "list_DBT_PRACTICE_DBT_L3_INT"
[0m21:21:30.511001 [debug] [ThreadPool]: On list_DBT_PRACTICE_DBT_L3_INT: /* {"app": "dbt", "dbt_version": "1.10.2", "profile_name": "dbt_dw", "target_name": "dev", "connection_name": "list_DBT_PRACTICE_DBT_L3_INT"} */
show objects in DBT_PRACTICE.DBT_L3_INT
    limit 10000
    
;
[0m21:21:30.869681 [debug] [ThreadPool]: SQL status: SUCCESS 3 in 0.358 seconds
[0m21:21:30.872670 [debug] [ThreadPool]: Using snowflake connection "list_DBT_PRACTICE_DBT_L3_INT"
[0m21:21:30.873279 [debug] [ThreadPool]: On list_DBT_PRACTICE_DBT_L3_INT: /* {"app": "dbt", "dbt_version": "1.10.2", "profile_name": "dbt_dw", "target_name": "dev", "connection_name": "list_DBT_PRACTICE_DBT_L3_INT"} */
alter session unset quoted_identifiers_ignore_case;
[0m21:21:31.201702 [debug] [ThreadPool]: SQL status: SUCCESS 1 in 0.328 seconds
[0m21:21:31.204402 [debug] [ThreadPool]: Re-using an available connection from the pool (formerly list_DBT_PRACTICE_DBT_L3_INT, now list_DBT_PRACTICE_DBT_L2_STG)
[0m21:21:31.209337 [debug] [ThreadPool]: Using snowflake connection "list_DBT_PRACTICE_DBT_L2_STG"
[0m21:21:31.209944 [debug] [ThreadPool]: On list_DBT_PRACTICE_DBT_L2_STG: /* {"app": "dbt", "dbt_version": "1.10.2", "profile_name": "dbt_dw", "target_name": "dev", "connection_name": "list_DBT_PRACTICE_DBT_L2_STG"} */
alter session set quoted_identifiers_ignore_case = false;
[0m21:21:31.753332 [debug] [ThreadPool]: SQL status: SUCCESS 1 in 0.543 seconds
[0m21:21:31.755080 [debug] [ThreadPool]: Using snowflake connection "list_DBT_PRACTICE_DBT_L2_STG"
[0m21:21:31.755444 [debug] [ThreadPool]: On list_DBT_PRACTICE_DBT_L2_STG: /* {"app": "dbt", "dbt_version": "1.10.2", "profile_name": "dbt_dw", "target_name": "dev", "connection_name": "list_DBT_PRACTICE_DBT_L2_STG"} */
show objects in DBT_PRACTICE.DBT_L2_STG
    limit 10000
    
;
[0m21:21:32.134775 [debug] [ThreadPool]: SQL status: SUCCESS 5 in 0.379 seconds
[0m21:21:32.136746 [debug] [ThreadPool]: Using snowflake connection "list_DBT_PRACTICE_DBT_L2_STG"
[0m21:21:32.137103 [debug] [ThreadPool]: On list_DBT_PRACTICE_DBT_L2_STG: /* {"app": "dbt", "dbt_version": "1.10.2", "profile_name": "dbt_dw", "target_name": "dev", "connection_name": "list_DBT_PRACTICE_DBT_L2_STG"} */
alter session unset quoted_identifiers_ignore_case;
[0m21:21:32.504423 [debug] [ThreadPool]: SQL status: SUCCESS 1 in 0.367 seconds
[0m21:21:32.508982 [debug] [MainThread]: Sending event: {'category': 'dbt', 'action': 'runnable_timing', 'label': '64c004e2-41f0-48e8-86b2-2b71a7f48e9e', 'context': [<snowplow_tracker.self_describing_json.SelfDescribingJson object at 0x000001CCB5391550>]}
[0m21:21:32.539949 [debug] [Thread-1 (]: Began running node model.dbt_dw.Customer_stg
[0m21:21:32.540973 [info ] [Thread-1 (]: 1 of 8 START sql incremental model DBT_L2_STG.Customer_stg ..................... [RUN]
[0m21:21:32.542100 [debug] [Thread-1 (]: Acquiring new snowflake connection 'model.dbt_dw.Customer_stg'
[0m21:21:32.542748 [debug] [Thread-1 (]: Began compiling node model.dbt_dw.Customer_stg
[0m21:21:32.556637 [debug] [Thread-1 (]: Writing injected SQL for node "model.dbt_dw.Customer_stg"
[0m21:21:32.558791 [debug] [Thread-1 (]: Began executing node model.dbt_dw.Customer_stg
[0m21:21:32.648089 [debug] [Thread-1 (]: Dropping relation DBT_PRACTICE.DBT_L2_STG.Customer_stg because it is a view and this model is a table.
[0m21:21:32.660190 [debug] [Thread-1 (]: Applying DROP to: "DBT_PRACTICE"."DBT_L2_STG"."CUSTOMER_STG"
[0m21:21:32.672230 [debug] [Thread-1 (]: Using snowflake connection "model.dbt_dw.Customer_stg"
[0m21:21:32.673089 [debug] [Thread-1 (]: On model.dbt_dw.Customer_stg: /* {"app": "dbt", "dbt_version": "1.10.2", "profile_name": "dbt_dw", "target_name": "dev", "node_id": "model.dbt_dw.Customer_stg"} */
drop view if exists "DBT_PRACTICE"."DBT_L2_STG"."CUSTOMER_STG" cascade
[0m21:21:32.673776 [debug] [Thread-1 (]: Opening a new connection, currently in state init
[0m21:21:33.366193 [debug] [Thread-1 (]: SQL status: SUCCESS 1 in 0.692 seconds
[0m21:21:33.384760 [debug] [Thread-1 (]: Writing runtime sql for node "model.dbt_dw.Customer_stg"
[0m21:21:33.387427 [debug] [Thread-1 (]: Using snowflake connection "model.dbt_dw.Customer_stg"
[0m21:21:33.387932 [debug] [Thread-1 (]: On model.dbt_dw.Customer_stg: /* {"app": "dbt", "dbt_version": "1.10.2", "profile_name": "dbt_dw", "target_name": "dev", "node_id": "model.dbt_dw.Customer_stg"} */
create or replace transient table DBT_PRACTICE.DBT_L2_STG.Customer_stg
    

    
    as (

SELECT
 C_CUSTKEY AS Customer_ID
,C_NAME as CUSTOMER_NAME
,C_ADDRESS AS CUSTOMER_ADDRESS
,C_NATIONKEY AS NATIONID
,C_PHONE AS CUSTOMERPHONE
,C_ACCTBAL AS ACCOUNTBALANCE
,C_MKTSEGMENT AS SEGMENTATION
,C_COMMENT AS "COMMENT"
,CURRENT_TIMESTAMP AS UPDATE_DT
,'Testing' AS Testing
FROM 
DBT_PRACTICE.PUBLIC.CUSTOMER



    )
;
[0m21:21:35.858981 [debug] [Thread-1 (]: SQL status: SUCCESS 1 in 2.470 seconds
[0m21:21:35.864750 [debug] [Thread-1 (]: Applying DROP to: DBT_PRACTICE.DBT_L2_STG.Customer_stg__dbt_tmp
[0m21:21:35.865639 [debug] [Thread-1 (]: Using snowflake connection "model.dbt_dw.Customer_stg"
[0m21:21:35.866047 [debug] [Thread-1 (]: On model.dbt_dw.Customer_stg: /* {"app": "dbt", "dbt_version": "1.10.2", "profile_name": "dbt_dw", "target_name": "dev", "node_id": "model.dbt_dw.Customer_stg"} */
drop view if exists DBT_PRACTICE.DBT_L2_STG.Customer_stg__dbt_tmp cascade
[0m21:21:36.222138 [debug] [Thread-1 (]: SQL status: SUCCESS 1 in 0.356 seconds
[0m21:21:36.254313 [debug] [Thread-1 (]: Sending event: {'category': 'dbt', 'action': 'run_model', 'label': '64c004e2-41f0-48e8-86b2-2b71a7f48e9e', 'context': [<snowplow_tracker.self_describing_json.SelfDescribingJson object at 0x000001CCB562F800>]}
[0m21:21:36.255112 [info ] [Thread-1 (]: 1 of 8 OK created sql incremental model DBT_L2_STG.Customer_stg ................ [[32mSUCCESS 1[0m in 3.71s]
[0m21:21:36.256100 [debug] [Thread-1 (]: Finished running node model.dbt_dw.Customer_stg
[0m21:21:36.256751 [debug] [Thread-1 (]: Began running node model.dbt_dw.Lineitem_stg
[0m21:21:36.257571 [info ] [Thread-1 (]: 2 of 8 START sql view model DBT_L2_STG.Lineitem_stg ............................ [RUN]
[0m21:21:36.258376 [debug] [Thread-1 (]: Re-using an available connection from the pool (formerly model.dbt_dw.Customer_stg, now model.dbt_dw.Lineitem_stg)
[0m21:21:36.258996 [debug] [Thread-1 (]: Began compiling node model.dbt_dw.Lineitem_stg
[0m21:21:36.262949 [debug] [Thread-1 (]: Writing injected SQL for node "model.dbt_dw.Lineitem_stg"
[0m21:21:36.264124 [debug] [Thread-1 (]: Began executing node model.dbt_dw.Lineitem_stg
[0m21:21:36.299414 [debug] [Thread-1 (]: Writing runtime sql for node "model.dbt_dw.Lineitem_stg"
[0m21:21:36.301880 [debug] [Thread-1 (]: Using snowflake connection "model.dbt_dw.Lineitem_stg"
[0m21:21:36.302577 [debug] [Thread-1 (]: On model.dbt_dw.Lineitem_stg: /* {"app": "dbt", "dbt_version": "1.10.2", "profile_name": "dbt_dw", "target_name": "dev", "node_id": "model.dbt_dw.Lineitem_stg"} */
create or replace   view DBT_PRACTICE.DBT_L2_STG.Lineitem_stg
  
   as (
    SELECT
 L_ORDERKEY AS ORDERID
,L_PARTKEY AS PARTID
,L_SUPPKEY AS SUPPLIERID
,L_LINENUMBER AS LINEID
,L_QUANTITY AS QUANTITY
,L_EXTENDEDPRICE AS EXTENDEDPRICE
,L_TAX AS TAX
,L_RETURNFLAG AS RETURNFLAG
,L_LINESTATUS AS LINESTATUS
,L_SHIPDATE AS SHIPDATE
,L_COMMITDATE AS COMMITDATE
,L_RECEIPTDATE AS RECEIPTDATE
,L_SHIPMODE AS SHIPMODE
,L_COMMENT AS "COMMENT"
FROM DBT_PRACTICE.PUBLIC.LINEITEM
  );
[0m21:21:36.925129 [debug] [Thread-1 (]: SQL status: SUCCESS 1 in 0.622 seconds
[0m21:21:36.930783 [debug] [Thread-1 (]: Sending event: {'category': 'dbt', 'action': 'run_model', 'label': '64c004e2-41f0-48e8-86b2-2b71a7f48e9e', 'context': [<snowplow_tracker.self_describing_json.SelfDescribingJson object at 0x000001CCB679E7B0>]}
[0m21:21:36.931744 [info ] [Thread-1 (]: 2 of 8 OK created sql view model DBT_L2_STG.Lineitem_stg ....................... [[32mSUCCESS 1[0m in 0.67s]
[0m21:21:36.932971 [debug] [Thread-1 (]: Finished running node model.dbt_dw.Lineitem_stg
[0m21:21:36.933628 [debug] [Thread-1 (]: Began running node model.dbt_dw.Nation_stg
[0m21:21:36.934476 [info ] [Thread-1 (]: 3 of 8 START sql view model DBT_L2_STG.Nation_stg .............................. [RUN]
[0m21:21:36.935204 [debug] [Thread-1 (]: Re-using an available connection from the pool (formerly model.dbt_dw.Lineitem_stg, now model.dbt_dw.Nation_stg)
[0m21:21:36.935767 [debug] [Thread-1 (]: Began compiling node model.dbt_dw.Nation_stg
[0m21:21:36.938629 [debug] [Thread-1 (]: Writing injected SQL for node "model.dbt_dw.Nation_stg"
[0m21:21:36.939749 [debug] [Thread-1 (]: Began executing node model.dbt_dw.Nation_stg
[0m21:21:36.944111 [debug] [Thread-1 (]: Writing runtime sql for node "model.dbt_dw.Nation_stg"
[0m21:21:36.945987 [debug] [Thread-1 (]: Using snowflake connection "model.dbt_dw.Nation_stg"
[0m21:21:36.946698 [debug] [Thread-1 (]: On model.dbt_dw.Nation_stg: /* {"app": "dbt", "dbt_version": "1.10.2", "profile_name": "dbt_dw", "target_name": "dev", "node_id": "model.dbt_dw.Nation_stg"} */
create or replace   view DBT_PRACTICE.DBT_L2_STG.Nation_stg
  
   as (
    SELECT

N_NATIONKEY AS NATIONAL_ID
,N_NAME AS NATION_NAME
,N_REGIONKEY AS REGION_ID
,N_COMMENT AS "COMMENT"

FROM DBT_PRACTICE.PUBLIC.NATION
  );
[0m21:21:37.195723 [debug] [Thread-1 (]: SQL status: SUCCESS 1 in 0.248 seconds
[0m21:21:37.198640 [debug] [Thread-1 (]: Sending event: {'category': 'dbt', 'action': 'run_model', 'label': '64c004e2-41f0-48e8-86b2-2b71a7f48e9e', 'context': [<snowplow_tracker.self_describing_json.SelfDescribingJson object at 0x000001CCB53FA4D0>]}
[0m21:21:37.199354 [info ] [Thread-1 (]: 3 of 8 OK created sql view model DBT_L2_STG.Nation_stg ......................... [[32mSUCCESS 1[0m in 0.26s]
[0m21:21:37.200273 [debug] [Thread-1 (]: Finished running node model.dbt_dw.Nation_stg
[0m21:21:37.200717 [debug] [Thread-1 (]: Began running node model.dbt_dw.Orders_stg
[0m21:21:37.201268 [info ] [Thread-1 (]: 4 of 8 START sql view model DBT_L2_STG.Orders_stg .............................. [RUN]
[0m21:21:37.201835 [debug] [Thread-1 (]: Re-using an available connection from the pool (formerly model.dbt_dw.Nation_stg, now model.dbt_dw.Orders_stg)
[0m21:21:37.202229 [debug] [Thread-1 (]: Began compiling node model.dbt_dw.Orders_stg
[0m21:21:37.204860 [debug] [Thread-1 (]: Writing injected SQL for node "model.dbt_dw.Orders_stg"
[0m21:21:37.231210 [debug] [Thread-1 (]: Began executing node model.dbt_dw.Orders_stg
[0m21:21:37.233841 [debug] [Thread-1 (]: Writing runtime sql for node "model.dbt_dw.Orders_stg"
[0m21:21:37.235530 [debug] [Thread-1 (]: Using snowflake connection "model.dbt_dw.Orders_stg"
[0m21:21:37.236012 [debug] [Thread-1 (]: On model.dbt_dw.Orders_stg: /* {"app": "dbt", "dbt_version": "1.10.2", "profile_name": "dbt_dw", "target_name": "dev", "node_id": "model.dbt_dw.Orders_stg"} */
create or replace   view DBT_PRACTICE.DBT_L2_STG.Orders_stg
  
   as (
    SELECT
O_ORDERKEY AS ORDER_ID
,O_CUSTKEY AS CUSTOMER_ID
,O_ORDERSTATUS AS ORDERSTATUS
,O_TOTALPRICE AS PRICE
,O_ORDERDATE AS ORDER_DATE
,O_ORDERPRIORITY AS ORDER_PRIORITY
,O_CLERK AS CLERK
,O_SHIPPRIORITY AS SHIP_PRIORITY
,O_COMMENT AS "COMMENT"
FROM DBT_PRACTICE.PUBLIC.ORDERS
  );
[0m21:21:37.523536 [debug] [Thread-1 (]: SQL status: SUCCESS 1 in 0.287 seconds
[0m21:21:37.526514 [debug] [Thread-1 (]: Sending event: {'category': 'dbt', 'action': 'run_model', 'label': '64c004e2-41f0-48e8-86b2-2b71a7f48e9e', 'context': [<snowplow_tracker.self_describing_json.SelfDescribingJson object at 0x000001CCB673C440>]}
[0m21:21:37.527460 [info ] [Thread-1 (]: 4 of 8 OK created sql view model DBT_L2_STG.Orders_stg ......................... [[32mSUCCESS 1[0m in 0.32s]
[0m21:21:37.528429 [debug] [Thread-1 (]: Finished running node model.dbt_dw.Orders_stg
[0m21:21:37.529037 [debug] [Thread-1 (]: Began running node model.dbt_dw.Supplier_stg
[0m21:21:37.529634 [info ] [Thread-1 (]: 5 of 8 START sql view model DBT_L2_STG.Supplier_stg ............................ [RUN]
[0m21:21:37.530437 [debug] [Thread-1 (]: Re-using an available connection from the pool (formerly model.dbt_dw.Orders_stg, now model.dbt_dw.Supplier_stg)
[0m21:21:37.530980 [debug] [Thread-1 (]: Began compiling node model.dbt_dw.Supplier_stg
[0m21:21:37.535658 [debug] [Thread-1 (]: Writing injected SQL for node "model.dbt_dw.Supplier_stg"
[0m21:21:37.536957 [debug] [Thread-1 (]: Began executing node model.dbt_dw.Supplier_stg
[0m21:21:37.539648 [debug] [Thread-1 (]: Writing runtime sql for node "model.dbt_dw.Supplier_stg"
[0m21:21:37.541034 [debug] [Thread-1 (]: Using snowflake connection "model.dbt_dw.Supplier_stg"
[0m21:21:37.541492 [debug] [Thread-1 (]: On model.dbt_dw.Supplier_stg: /* {"app": "dbt", "dbt_version": "1.10.2", "profile_name": "dbt_dw", "target_name": "dev", "node_id": "model.dbt_dw.Supplier_stg"} */
create or replace   view DBT_PRACTICE.DBT_L2_STG.Supplier_stg
  
   as (
    SELECT
 S_SUPPKEY AS SUPPLIER_ID
,S_NAME AS SUPPLIER_NAME
,S_ADDRESS AS SUPPLIER_ADDRESS
,S_NATIONKEY AS NATIONAL_ID
,S_PHONE AS PHONE
,S_ACCTBAL AS ACCOUNT_BALANCE
,S_COMMENT AS "COMMENT"
FROM DBT_PRACTICE.PUBLIC.SUPPLIER
  );
[0m21:21:38.049005 [debug] [Thread-1 (]: SQL status: SUCCESS 1 in 0.507 seconds
[0m21:21:38.051261 [debug] [Thread-1 (]: Sending event: {'category': 'dbt', 'action': 'run_model', 'label': '64c004e2-41f0-48e8-86b2-2b71a7f48e9e', 'context': [<snowplow_tracker.self_describing_json.SelfDescribingJson object at 0x000001CCB6783DD0>]}
[0m21:21:38.051984 [info ] [Thread-1 (]: 5 of 8 OK created sql view model DBT_L2_STG.Supplier_stg ....................... [[32mSUCCESS 1[0m in 0.52s]
[0m21:21:38.052874 [debug] [Thread-1 (]: Finished running node model.dbt_dw.Supplier_stg
[0m21:21:38.053314 [debug] [Thread-1 (]: Began running node model.dbt_dw.Customer_order_int
[0m21:21:38.053896 [info ] [Thread-1 (]: 6 of 8 START sql view model DBT_L3_INT.Customer_order_int ...................... [RUN]
[0m21:21:38.054491 [debug] [Thread-1 (]: Re-using an available connection from the pool (formerly model.dbt_dw.Supplier_stg, now model.dbt_dw.Customer_order_int)
[0m21:21:38.054894 [debug] [Thread-1 (]: Began compiling node model.dbt_dw.Customer_order_int
[0m21:21:38.058276 [debug] [Thread-1 (]: Writing injected SQL for node "model.dbt_dw.Customer_order_int"
[0m21:21:38.059614 [debug] [Thread-1 (]: Began executing node model.dbt_dw.Customer_order_int
[0m21:21:38.063376 [debug] [Thread-1 (]: Writing runtime sql for node "model.dbt_dw.Customer_order_int"
[0m21:21:38.065269 [debug] [Thread-1 (]: Using snowflake connection "model.dbt_dw.Customer_order_int"
[0m21:21:38.065714 [debug] [Thread-1 (]: On model.dbt_dw.Customer_order_int: /* {"app": "dbt", "dbt_version": "1.10.2", "profile_name": "dbt_dw", "target_name": "dev", "node_id": "model.dbt_dw.Customer_order_int"} */
create or replace   view DBT_PRACTICE.DBT_L3_INT.Customer_order_int
  
   as (
    SELECT
c.*
FROM DBT_PRACTICE.DBT_L2_STG.Customer_stg C LEFT JOIN
        DBT_PRACTICE.DBT_L2_STG.Orders_stg O ON c.customer_id=O.CUSTOMER_ID
  );
[0m21:21:38.859521 [debug] [Thread-1 (]: SQL status: SUCCESS 1 in 0.793 seconds
[0m21:21:38.861760 [debug] [Thread-1 (]: Sending event: {'category': 'dbt', 'action': 'run_model', 'label': '64c004e2-41f0-48e8-86b2-2b71a7f48e9e', 'context': [<snowplow_tracker.self_describing_json.SelfDescribingJson object at 0x000001CCB6782C30>]}
[0m21:21:38.862435 [info ] [Thread-1 (]: 6 of 8 OK created sql view model DBT_L3_INT.Customer_order_int ................. [[32mSUCCESS 1[0m in 0.81s]
[0m21:21:38.863430 [debug] [Thread-1 (]: Finished running node model.dbt_dw.Customer_order_int
[0m21:21:38.864056 [debug] [Thread-1 (]: Began running node model.dbt_dw.Lineitem_Order_int
[0m21:21:38.864810 [info ] [Thread-1 (]: 7 of 8 START sql view model DBT_L3_INT.Lineitem_Order_int ...................... [RUN]
[0m21:21:38.865533 [debug] [Thread-1 (]: Re-using an available connection from the pool (formerly model.dbt_dw.Customer_order_int, now model.dbt_dw.Lineitem_Order_int)
[0m21:21:38.866071 [debug] [Thread-1 (]: Began compiling node model.dbt_dw.Lineitem_Order_int
[0m21:21:38.874736 [debug] [Thread-1 (]: Writing injected SQL for node "model.dbt_dw.Lineitem_Order_int"
[0m21:21:38.876095 [debug] [Thread-1 (]: Began executing node model.dbt_dw.Lineitem_Order_int
[0m21:21:38.879860 [debug] [Thread-1 (]: Writing runtime sql for node "model.dbt_dw.Lineitem_Order_int"
[0m21:21:38.881308 [debug] [Thread-1 (]: Using snowflake connection "model.dbt_dw.Lineitem_Order_int"
[0m21:21:38.881743 [debug] [Thread-1 (]: On model.dbt_dw.Lineitem_Order_int: /* {"app": "dbt", "dbt_version": "1.10.2", "profile_name": "dbt_dw", "target_name": "dev", "node_id": "model.dbt_dw.Lineitem_Order_int"} */
create or replace   view DBT_PRACTICE.DBT_L3_INT.Lineitem_Order_int
  
   as (
    SELECT
l.*
FROM DBT_PRACTICE.DBT_L2_STG.Lineitem_stg l LEFT JOIN
        DBT_PRACTICE.DBT_L2_STG.Orders_stg O ON l.orderid=O.order_id
  );
[0m21:21:39.424430 [debug] [Thread-1 (]: SQL status: SUCCESS 1 in 0.542 seconds
[0m21:21:39.426683 [debug] [Thread-1 (]: Sending event: {'category': 'dbt', 'action': 'run_model', 'label': '64c004e2-41f0-48e8-86b2-2b71a7f48e9e', 'context': [<snowplow_tracker.self_describing_json.SelfDescribingJson object at 0x000001CCB6783D70>]}
[0m21:21:39.427350 [info ] [Thread-1 (]: 7 of 8 OK created sql view model DBT_L3_INT.Lineitem_Order_int ................. [[32mSUCCESS 1[0m in 0.56s]
[0m21:21:39.428242 [debug] [Thread-1 (]: Finished running node model.dbt_dw.Lineitem_Order_int
[0m21:21:39.428685 [debug] [Thread-1 (]: Began running node model.dbt_dw.National_Supplier_int
[0m21:21:39.429229 [info ] [Thread-1 (]: 8 of 8 START sql view model DBT_L3_INT.National_Supplier_int ................... [RUN]
[0m21:21:39.429836 [debug] [Thread-1 (]: Re-using an available connection from the pool (formerly model.dbt_dw.Lineitem_Order_int, now model.dbt_dw.National_Supplier_int)
[0m21:21:39.430238 [debug] [Thread-1 (]: Began compiling node model.dbt_dw.National_Supplier_int
[0m21:21:39.433408 [debug] [Thread-1 (]: Writing injected SQL for node "model.dbt_dw.National_Supplier_int"
[0m21:21:39.460315 [debug] [Thread-1 (]: Began executing node model.dbt_dw.National_Supplier_int
[0m21:21:39.465234 [debug] [Thread-1 (]: Writing runtime sql for node "model.dbt_dw.National_Supplier_int"
[0m21:21:39.472817 [debug] [Thread-1 (]: Using snowflake connection "model.dbt_dw.National_Supplier_int"
[0m21:21:39.473371 [debug] [Thread-1 (]: On model.dbt_dw.National_Supplier_int: /* {"app": "dbt", "dbt_version": "1.10.2", "profile_name": "dbt_dw", "target_name": "dev", "node_id": "model.dbt_dw.National_Supplier_int"} */
create or replace   view DBT_PRACTICE.DBT_L3_INT.National_Supplier_int
  
   as (
    SELECT
n.*
FROM DBT_PRACTICE.DBT_L2_STG.Nation_stg n LEFT JOIN
        DBT_PRACTICE.DBT_L2_STG.Supplier_stg s ON n.national_id=s.NATIONAL_ID
  );
[0m21:21:40.031984 [debug] [Thread-1 (]: SQL status: SUCCESS 1 in 0.558 seconds
[0m21:21:40.034197 [debug] [Thread-1 (]: Sending event: {'category': 'dbt', 'action': 'run_model', 'label': '64c004e2-41f0-48e8-86b2-2b71a7f48e9e', 'context': [<snowplow_tracker.self_describing_json.SelfDescribingJson object at 0x000001CCB6691F10>]}
[0m21:21:40.034858 [info ] [Thread-1 (]: 8 of 8 OK created sql view model DBT_L3_INT.National_Supplier_int .............. [[32mSUCCESS 1[0m in 0.60s]
[0m21:21:40.035746 [debug] [Thread-1 (]: Finished running node model.dbt_dw.National_Supplier_int
[0m21:21:40.036973 [debug] [MainThread]: Connection 'master' was properly closed.
[0m21:21:40.037371 [debug] [MainThread]: Connection 'list_DBT_PRACTICE' was left open.
[0m21:21:40.037695 [debug] [MainThread]: On list_DBT_PRACTICE: Close
[0m21:21:40.407453 [debug] [MainThread]: Connection 'list_DBT_PRACTICE_DBT_L2_STG' was left open.
[0m21:21:40.407929 [debug] [MainThread]: On list_DBT_PRACTICE_DBT_L2_STG: Close
[0m21:21:41.158686 [debug] [MainThread]: Connection 'model.dbt_dw.National_Supplier_int' was left open.
[0m21:21:41.159371 [debug] [MainThread]: On model.dbt_dw.National_Supplier_int: Close
[0m21:21:41.867256 [info ] [MainThread]: 
[0m21:21:41.868070 [info ] [MainThread]: Finished running 1 incremental model, 7 view models in 0 hours 0 minutes and 14.18 seconds (14.18s).
[0m21:21:41.871194 [debug] [MainThread]: Command end result
[0m21:21:41.909204 [debug] [MainThread]: Wrote artifact WritableManifest to C:\dbt_practice\dbt_dw\target\manifest.json
[0m21:21:41.913309 [debug] [MainThread]: Wrote artifact SemanticManifest to C:\dbt_practice\dbt_dw\target\semantic_manifest.json
[0m21:21:41.924318 [debug] [MainThread]: Wrote artifact RunExecutionResult to C:\dbt_practice\dbt_dw\target\run_results.json
[0m21:21:41.924899 [info ] [MainThread]: 
[0m21:21:41.925591 [info ] [MainThread]: [32mCompleted successfully[0m
[0m21:21:41.926138 [info ] [MainThread]: 
[0m21:21:41.927396 [info ] [MainThread]: Done. PASS=8 WARN=0 ERROR=0 SKIP=0 NO-OP=0 TOTAL=8
[0m21:21:41.928729 [debug] [MainThread]: Command `dbt run` succeeded at 21:21:41.928525 after 20.24 seconds
[0m21:21:41.929338 [debug] [MainThread]: Sending event: {'category': 'dbt', 'action': 'invocation', 'label': 'end', 'context': [<snowplow_tracker.self_describing_json.SelfDescribingJson object at 0x000001CCAF7850D0>, <snowplow_tracker.self_describing_json.SelfDescribingJson object at 0x000001CCB4979EB0>, <snowplow_tracker.self_describing_json.SelfDescribingJson object at 0x000001CCB67F7C50>]}
[0m21:21:41.931942 [debug] [MainThread]: Flushing usage events
[0m21:21:42.477649 [debug] [MainThread]: An error was encountered while trying to flush usage events
