[0m14:42:29.209470 [debug] [MainThread]: Sending event: {'category': 'dbt', 'action': 'invocation', 'label': 'start', 'context': [<snowplow_tracker.self_describing_json.SelfDescribingJson object at 0x000001F2C583E650>, <snowplow_tracker.self_describing_json.SelfDescribingJson object at 0x000001F2C4A109D0>, <snowplow_tracker.self_describing_json.SelfDescribingJson object at 0x000001F2C4A10760>]}


============================== 14:42:29.235422 | 7584244d-fbff-4c6d-8ae7-efe3400b99b4 ==============================
[0m14:42:29.235422 [info ] [MainThread]: Running with dbt=1.10.0
[0m14:42:29.237395 [debug] [MainThread]: running dbt with arguments {'printer_width': '80', 'indirect_selection': 'eager', 'write_json': 'True', 'log_cache_events': 'False', 'partial_parse': 'True', 'cache_selected_only': 'False', 'warn_error': 'None', 'fail_fast': 'False', 'debug': 'False', 'log_path': 'logs', 'version_check': 'True', 'profiles_dir': 'C:\\Users\\rickj\\.dbt', 'use_colors': 'True', 'use_experimental_parser': 'False', 'empty': 'None', 'quiet': 'False', 'no_print': 'None', 'warn_error_options': 'WarnErrorOptionsV2(error=[], warn=[], silence=[])', 'introspect': 'True', 'static_parser': 'True', 'log_format': 'default', 'target_path': 'None', 'invocation_command': 'dbt init', 'send_anonymous_usage_stats': 'True'}
[0m14:42:47.450203 [info ] [MainThread]: A project called dbt_learning already exists here.
[0m14:42:47.452219 [debug] [MainThread]: Command `dbt init` succeeded at 14:42:47.451225 after 18.32 seconds
[0m14:42:47.452219 [debug] [MainThread]: Sending event: {'category': 'dbt', 'action': 'invocation', 'label': 'end', 'context': [<snowplow_tracker.self_describing_json.SelfDescribingJson object at 0x000001F2C583E650>, <snowplow_tracker.self_describing_json.SelfDescribingJson object at 0x000001F2C755D150>, <snowplow_tracker.self_describing_json.SelfDescribingJson object at 0x000001F2C755C8E0>]}
[0m14:42:47.453374 [debug] [MainThread]: Flushing usage events
[0m14:42:47.561324 [debug] [MainThread]: An error was encountered while trying to flush usage events
[0m14:43:24.238095 [debug] [MainThread]: Sending event: {'category': 'dbt', 'action': 'invocation', 'label': 'start', 'context': [<snowplow_tracker.self_describing_json.SelfDescribingJson object at 0x0000029D731B2440>, <snowplow_tracker.self_describing_json.SelfDescribingJson object at 0x0000029D713B4700>, <snowplow_tracker.self_describing_json.SelfDescribingJson object at 0x0000029D713B4490>]}


============================== 14:43:24.241085 | ee5326a4-1bca-4630-bee2-39ef5122937b ==============================
[0m14:43:24.241085 [info ] [MainThread]: Running with dbt=1.10.0
[0m14:43:24.242080 [debug] [MainThread]: running dbt with arguments {'printer_width': '80', 'indirect_selection': 'eager', 'log_cache_events': 'False', 'write_json': 'True', 'partial_parse': 'True', 'cache_selected_only': 'False', 'warn_error': 'None', 'version_check': 'True', 'profiles_dir': 'C:\\Users\\rickj\\.dbt', 'log_path': 'logs', 'debug': 'False', 'fail_fast': 'False', 'use_colors': 'True', 'use_experimental_parser': 'False', 'no_print': 'None', 'quiet': 'False', 'empty': 'None', 'log_format': 'default', 'invocation_command': 'dbt init', 'static_parser': 'True', 'warn_error_options': 'WarnErrorOptionsV2(error=[], warn=[], silence=[])', 'target_path': 'None', 'introspect': 'True', 'send_anonymous_usage_stats': 'True'}
[0m14:43:38.290153 [debug] [MainThread]: Starter project path: E:\dbt_practice\dbt_learning\lib\site-packages\dbt\include\starter_project
[0m14:43:38.341017 [info ] [MainThread]: 
Your new dbt project "dbt_dw" was created!

For more information on how to configure the profiles.yml file,
please consult the dbt documentation here:

  https://docs.getdbt.com/docs/configure-your-profile

One more thing:

Need help? Don't hesitate to reach out to us via GitHub issues or on Slack:

  https://community.getdbt.com/

Happy modeling!

[0m14:43:38.342013 [info ] [MainThread]: Setting up your profile.
[0m14:49:45.818653 [info ] [MainThread]: Profile dbt_dw written to C:\Users\rickj\.dbt\profiles.yml using target's profile_template.yml and your supplied values. Run 'dbt debug' to validate the connection.
[0m14:49:45.820671 [debug] [MainThread]: Command `dbt init` succeeded at 14:49:45.820671 after 381.65 seconds
[0m14:49:45.820671 [debug] [MainThread]: Sending event: {'category': 'dbt', 'action': 'invocation', 'label': 'end', 'context': [<snowplow_tracker.self_describing_json.SelfDescribingJson object at 0x0000029D731B2440>, <snowplow_tracker.self_describing_json.SelfDescribingJson object at 0x0000029D713B4430>, <snowplow_tracker.self_describing_json.SelfDescribingJson object at 0x0000029D713ABFD0>]}
[0m14:49:45.821666 [debug] [MainThread]: Flushing usage events
[0m14:49:45.933272 [debug] [MainThread]: An error was encountered while trying to flush usage events
